<?xml version="1.0" encoding="UTF-8"?>
<testng-results ignored="0" total="1" passed="1" failed="0" skipped="0">
  <reporter-output>
  </reporter-output>
  <suite started-at="2022-08-30T21:54:00 CEST" name="Default suite" finished-at="2022-08-30T21:54:00 CEST" duration-ms="130">
    <groups>
    </groups>
    <test started-at="2022-08-30T21:54:00 CEST" name="Default test" finished-at="2022-08-30T21:54:00 CEST" duration-ms="130">
      <class name="cucumber.e2e.AppTest">
        <test-method signature="shouldAnswerWithTrue()[pri:0, instance:cucumber.e2e.AppTest@6d4d66d2]" started-at="2022-08-30T21:54:00 CEST" name="shouldAnswerWithTrue" finished-at="2022-08-30T21:54:00 CEST" duration-ms="17" status="PASS">
          <reporter-output>
          </reporter-output>
        </test-method> <!-- shouldAnswerWithTrue -->
      </class> <!-- cucumber.e2e.AppTest -->
    </test> <!-- Default test -->
  </suite> <!-- Default suite -->
</testng-results>
